<?xml version="1.0" encoding="UTF-8"?>
<!-- Generated by org.testng.reporters.JUnitXMLReporter -->
<testsuite ignored="0" hostname="DESKTOP-JJ6KE7B" failures="0" tests="4" name="Test" time="0.092" errors="0" timestamp="2021-01-12T17:38:30 CST">
  <testcase classname="demo.TestNGGroupsDemo" name="Test1" time="0.013"/>
  <testcase classname="demo.TestNGGroupsDemo" name="Test2" time="0.002"/>
  <testcase classname="demo.TestNGGroupsDemo" name="Test3" time="0.004"/>
  <testcase classname="demo.TestNGGroupsDemo" name="Test4" time="0.003"/>
</testsuite> <!-- Test -->
